<?xml version="1.0" encoding="UTF-8"?>
<testng-results skipped="0" failed="1" total="3" passed="2">
  <reporter-output>
  </reporter-output>
  <suite name="Default suite" duration-ms="4625" started-at="2019-02-19T17:06:19Z" finished-at="2019-02-19T17:06:23Z">
    <groups>
    </groups>
    <test name="Default test" duration-ms="4625" started-at="2019-02-19T17:06:19Z" finished-at="2019-02-19T17:06:23Z">
      <class name="HomePage.ElementsInHomePage">
        <test-method status="PASS" signature="launchBrowser(java.lang.String)[pri:0, instance:HomePage.ElementsInHomePage@6d00a15d]" name="launchBrowser" duration-ms="1813" started-at="2019-02-19T22:36:19Z" finished-at="2019-02-19T22:36:20Z">
          <params>
            <param index="0">
              <value>
                <![CDATA[firefox]]>
              </value>
            </param>
          </params>
          <reporter-output>
          </reporter-output>
        </test-method> <!-- launchBrowser -->
        <test-method status="PASS" signature="launchWebSite()[pri:0, instance:HomePage.ElementsInHomePage@6d00a15d]" name="launchWebSite" duration-ms="2364" started-at="2019-02-19T22:36:20Z" depends-on-methods="HomePage.ElementsInHomePage.launchBrowser" finished-at="2019-02-19T22:36:23Z">
          <reporter-output>
          </reporter-output>
        </test-method> <!-- launchWebSite -->
        <test-method status="FAIL" signature="checkForAllObjects()[pri:0, instance:HomePage.ElementsInHomePage@6d00a15d]" name="checkForAllObjects" duration-ms="407" started-at="2019-02-19T22:36:23Z" depends-on-methods="HomePage.ElementsInHomePage.launchWebSite" finished-at="2019-02-19T22:36:23Z">
          <exception class="java.lang.AssertionError">
            <message>
              <![CDATA[expected [Name] but found [Name *]]]>
            </message>
            <full-stacktrace>
              <![CDATA[java.lang.AssertionError: expected [Name] but found [Name *]
	at org.testng.Assert.fail(Assert.java:94)
	at org.testng.Assert.failNotEquals(Assert.java:513)
	at org.testng.Assert.assertEqualsImpl(Assert.java:135)
	at org.testng.Assert.assertEquals(Assert.java:116)
	at org.testng.Assert.assertEquals(Assert.java:190)
	at org.testng.Assert.assertEquals(Assert.java:200)
	at HomePage.ElementsInHomePage.checkForAllObjects(ElementsInHomePage.java:114)
	at sun.reflect.NativeMethodAccessorImpl.invoke0(Native Method)
	at sun.reflect.NativeMethodAccessorImpl.invoke(NativeMethodAccessorImpl.java:62)
	at sun.reflect.DelegatingMethodAccessorImpl.invoke(DelegatingMethodAccessorImpl.java:43)
	at java.lang.reflect.Method.invoke(Method.java:497)
	at org.testng.internal.MethodInvocationHelper.invokeMethod(MethodInvocationHelper.java:86)
	at org.testng.internal.Invoker.invokeMethod(Invoker.java:643)
	at org.testng.internal.Invoker.invokeTestMethod(Invoker.java:820)
	at org.testng.internal.Invoker.invokeTestMethods(Invoker.java:1128)
	at org.testng.internal.TestMethodWorker.invokeTestMethods(TestMethodWorker.java:129)
	at org.testng.internal.TestMethodWorker.run(TestMethodWorker.java:112)
	at org.testng.TestRunner.privateRun(TestRunner.java:782)
	at org.testng.TestRunner.run(TestRunner.java:632)
	at org.testng.SuiteRunner.runTest(SuiteRunner.java:366)
	at org.testng.SuiteRunner.runSequentially(SuiteRunner.java:361)
	at org.testng.SuiteRunner.privateRun(SuiteRunner.java:319)
	at org.testng.SuiteRunner.run(SuiteRunner.java:268)
	at org.testng.SuiteRunnerWorker.runSuite(SuiteRunnerWorker.java:52)
	at org.testng.SuiteRunnerWorker.run(SuiteRunnerWorker.java:86)
	at org.testng.TestNG.runSuitesSequentially(TestNG.java:1244)
	at org.testng.TestNG.runSuitesLocally(TestNG.java:1169)
	at org.testng.TestNG.run(TestNG.java:1064)
	at org.testng.remote.AbstractRemoteTestNG.run(AbstractRemoteTestNG.java:114)
	at org.testng.remote.RemoteTestNG.initAndRun(RemoteTestNG.java:251)
	at org.testng.remote.RemoteTestNG.main(RemoteTestNG.java:77)
]]>
            </full-stacktrace>
          </exception> <!-- java.lang.AssertionError -->
          <reporter-output>
          </reporter-output>
        </test-method> <!-- checkForAllObjects -->
      </class> <!-- HomePage.ElementsInHomePage -->
    </test> <!-- Default test -->
  </suite> <!-- Default suite -->
</testng-results>
